217  [main] INFO  project.logback.study.SimpleMDC - Example log from SimpleMDC
216  [main] INFO  project.logback.study.SimpleMDC - Example log from SimpleMDC
223  [main] INFO  project.logback.study.SimpleMDC - Example log from SimpleMDC
218  [main] INFO  project.logback.study.SimpleMDC - Example log from SimpleMDC
216  [main] INFO  project.logback.study.SimpleMDC - Example log from SimpleMDC
227  [main] INFO  project.logback.study.SimpleMDC - Example log from SimpleMDC
218  [main] INFO  project.logback.study.SimpleMDC - Example log from SimpleMDC
223  [main] INFO  project.logback.study.SimpleMDC - Example log from SimpleMDC
227  [main] INFO  project.logback.study.SimpleMDC - Example log from SimpleMDC
221  [main] INFO  project.logback.study.SimpleMDC - Hello world
206  [main] INFO  project.logback.study.SimpleMDC - Hello world
208  [main] INFO  project.logback.study.SimpleMDC - Hello world 22222
208  [main] INFO  project.logback.study.SimpleMDC - I am not a crook.
209  [main] INFO  project.logback.study.SimpleMDC - Attributed to the former US president. 17 Nov 1973.
221  [main] INFO  project.logback.study.SimpleMDC - Hello world
224  [main] INFO  project.logback.study.SimpleMDC - Hello world 22222
224  [main] INFO  project.logback.study.SimpleMDC - I am not a crook.
224  [main] INFO  project.logback.study.SimpleMDC - Attributed to the former US president. 17 Nov 1973.
212  [main] INFO  project.logback.study.SimpleMDC - Hello world
214  [main] INFO  project.logback.study.SimpleMDC - Hello world 22222
214  [main] INFO  project.logback.study.SimpleMDC - I am not a crook.
214  [main] INFO  project.logback.study.SimpleMDC - Attributed to the former US president. 17 Nov 1973.
207  [main] INFO  project.logback.study.SimpleMDC - Hello world
209  [main] INFO  project.logback.study.SimpleMDC - Hello world 22222
209  [main] INFO  project.logback.study.SimpleMDC - I am not a crook.
209  [main] INFO  project.logback.study.SimpleMDC - Attributed to the former US president. 17 Nov 1973.
215  [main] INFO  project.logback.study.SimpleMDC - Hello world
216  [main] INFO  project.logback.study.SimpleMDC - Hello world 22222
217  [main] INFO  project.logback.study.SimpleMDC - I am not a crook.
217  [main] INFO  project.logback.study.SimpleMDC - Attributed to the former US president. 17 Nov 1973.
223  [main] INFO  project.logback.study.SimpleMDC - Hello world
225  [main] INFO  project.logback.study.SimpleMDC - Hello world 22222
225  [main] INFO  project.logback.study.SimpleMDC - I am not a crook.
225  [main] INFO  project.logback.study.SimpleMDC - Attributed to the former US president. 17 Nov 1973.
212  [main] INFO  project.logback.study.SimpleMDC - Hello world
214  [main] INFO  project.logback.study.SimpleMDC - Hello world 22222
214  [main] INFO  project.logback.study.SimpleMDC - I am not a crook.
214  [main] INFO  project.logback.study.SimpleMDC - Attributed to the former US president. 17 Nov 1973.
207  [main] INFO  project.logback.study.SimpleMDC - Hello world
208  [main] INFO  project.logback.study.SimpleMDC - Hello world 22222
208  [main] INFO  project.logback.study.SimpleMDC - I am not a crook.
208  [main] INFO  project.logback.study.SimpleMDC - Attributed to the former US president. 17 Nov 1973.
16:37:34.578 [main] INFO  project.logback.study.SimpleMDC -   - Hello world
16:37:34.579 [main] INFO  project.logback.study.SimpleMDC - Dorothy Parker - Hello world 22222
16:37:34.580 [main] INFO  project.logback.study.SimpleMDC - Richard Nixon - I am not a crook.
16:37:34.580 [main] INFO  project.logback.study.SimpleMDC - Richard Nixon - Attributed to the former US president. 17 Nov 1973.
16:44:35.059 [main] INFO  project.logback.study.SimpleMDC -   - Hello world
16:44:35.061 [main] INFO  project.logback.study.SimpleMDC - Dorothy Parker - Hello world 22222
16:44:35.061 [main] INFO  project.logback.study.SimpleMDC - Richard Nixon - I am not a crook.
16:44:35.061 [main] INFO  project.logback.study.SimpleMDC - Richard Nixon - Attributed to the former US president. 17 Nov 1973.
16:44:42.955 [main] INFO  project.logback.LogbackApplication -   - Starting LogbackApplication using Java 11.0.12 on gim-yeongyuui-MacBookPro.local with PID 37988 (/Users/yeonkyu/Desktop/Projects/Spring/01.SmallProject/logback/target/classes started by yeonkyu in /Users/yeonkyu/Desktop/Projects/Spring/01.SmallProject/logback)
16:44:42.957 [main] INFO  project.logback.LogbackApplication -   - No active profile set, falling back to 1 default profile: "default"
16:44:43.690 [main] INFO  o.s.b.w.e.tomcat.TomcatWebServer -   - Tomcat initialized with port(s): 8080 (http)
16:44:43.701 [main] INFO  o.a.coyote.http11.Http11NioProtocol -   - Initializing ProtocolHandler ["http-nio-8080"]
16:44:43.701 [main] INFO  o.a.catalina.core.StandardService -   - Starting service [Tomcat]
16:44:43.701 [main] INFO  o.a.catalina.core.StandardEngine -   - Starting Servlet engine: [Apache Tomcat/9.0.58]
16:44:43.765 [main] INFO  o.a.c.c.C.[Tomcat].[localhost].[/] -   - Initializing Spring embedded WebApplicationContext
16:44:43.765 [main] INFO  o.s.b.w.s.c.ServletWebServerApplicationContext -   - Root WebApplicationContext: initialization completed in 763 ms
16:44:44.013 [main] INFO  o.a.coyote.http11.Http11NioProtocol -   - Starting ProtocolHandler ["http-nio-8080"]
16:44:44.032 [main] INFO  o.s.b.w.e.tomcat.TomcatWebServer -   - Tomcat started on port(s): 8080 (http) with context path ''
16:44:44.040 [main] INFO  project.logback.LogbackApplication -   - Started LogbackApplication in 1.445 seconds (JVM running for 1.889)
16:44:59.630 [http-nio-8080-exec-1] INFO  o.a.c.c.C.[Tomcat].[localhost].[/] -   - Initializing Spring DispatcherServlet 'dispatcherServlet'
16:44:59.631 [http-nio-8080-exec-1] INFO  o.s.web.servlet.DispatcherServlet -   - Initializing Servlet 'dispatcherServlet'
16:44:59.632 [http-nio-8080-exec-1] INFO  o.s.web.servlet.DispatcherServlet -   - Completed initialization in 0 ms
16:44:59.637 [http-nio-8080-exec-1] INFO  project.logback.filter.LogFilter -   - Filter initializing...
16:45:08.022 [http-nio-8080-exec-2] INFO  project.logback.filter.LogFilter -   - Filter initializing...
16:45:16.147 [http-nio-8080-exec-3] INFO  project.logback.filter.LogFilter -   - Filter initializing...
16:46:10.973 [main] INFO  project.logback.LogbackApplication -   - Starting LogbackApplication using Java 11.0.12 on gim-yeongyuui-MacBookPro.local with PID 38000 (/Users/yeonkyu/Desktop/Projects/Spring/01.SmallProject/logback/target/classes started by yeonkyu in /Users/yeonkyu/Desktop/Projects/Spring/01.SmallProject/logback)
16:46:10.975 [main] INFO  project.logback.LogbackApplication -   - No active profile set, falling back to 1 default profile: "default"
16:46:11.694 [main] INFO  o.s.b.w.e.tomcat.TomcatWebServer -   - Tomcat initialized with port(s): 8080 (http)
16:46:11.705 [main] INFO  o.a.coyote.http11.Http11NioProtocol -   - Initializing ProtocolHandler ["http-nio-8080"]
16:46:11.705 [main] INFO  o.a.catalina.core.StandardService -   - Starting service [Tomcat]
16:46:11.705 [main] INFO  o.a.catalina.core.StandardEngine -   - Starting Servlet engine: [Apache Tomcat/9.0.58]
16:46:11.769 [main] INFO  o.a.c.c.C.[Tomcat].[localhost].[/] -   - Initializing Spring embedded WebApplicationContext
16:46:11.769 [main] INFO  o.s.b.w.s.c.ServletWebServerApplicationContext -   - Root WebApplicationContext: initialization completed in 752 ms
16:46:12.021 [main] INFO  o.a.coyote.http11.Http11NioProtocol -   - Starting ProtocolHandler ["http-nio-8080"]
16:46:12.041 [main] INFO  o.s.b.w.e.tomcat.TomcatWebServer -   - Tomcat started on port(s): 8080 (http) with context path ''
16:46:12.049 [main] INFO  project.logback.LogbackApplication -   - Started LogbackApplication in 1.442 seconds (JVM running for 1.927)
16:46:14.591 [http-nio-8080-exec-1] INFO  o.a.c.c.C.[Tomcat].[localhost].[/] -   - Initializing Spring DispatcherServlet 'dispatcherServlet'
16:46:14.592 [http-nio-8080-exec-1] INFO  o.s.web.servlet.DispatcherServlet -   - Initializing Servlet 'dispatcherServlet'
16:46:14.593 [http-nio-8080-exec-1] INFO  o.s.web.servlet.DispatcherServlet -   - Completed initialization in 1 ms
16:46:14.598 [http-nio-8080-exec-1] INFO  project.logback.filter.LogFilter -   - Filter initializing...
16:46:14.613 [http-nio-8080-exec-1] INFO  p.logback.controller.HelloController -   - Hello Controller...
16:46:39.198 [main] INFO  project.logback.LogbackApplication -   - Starting LogbackApplication using Java 11.0.12 on gim-yeongyuui-MacBookPro.local with PID 38009 (/Users/yeonkyu/Desktop/Projects/Spring/01.SmallProject/logback/target/classes started by yeonkyu in /Users/yeonkyu/Desktop/Projects/Spring/01.SmallProject/logback)
16:46:39.200 [main] INFO  project.logback.LogbackApplication -   - No active profile set, falling back to 1 default profile: "default"
16:46:39.869 [main] INFO  o.s.b.w.e.tomcat.TomcatWebServer -   - Tomcat initialized with port(s): 8080 (http)
16:46:39.878 [main] INFO  o.a.coyote.http11.Http11NioProtocol -   - Initializing ProtocolHandler ["http-nio-8080"]
16:46:39.878 [main] INFO  o.a.catalina.core.StandardService -   - Starting service [Tomcat]
16:46:39.878 [main] INFO  o.a.catalina.core.StandardEngine -   - Starting Servlet engine: [Apache Tomcat/9.0.58]
16:46:39.936 [main] INFO  o.a.c.c.C.[Tomcat].[localhost].[/] -   - Initializing Spring embedded WebApplicationContext
16:46:39.937 [main] INFO  o.s.b.w.s.c.ServletWebServerApplicationContext -   - Root WebApplicationContext: initialization completed in 700 ms
16:46:40.161 [main] INFO  o.a.coyote.http11.Http11NioProtocol -   - Starting ProtocolHandler ["http-nio-8080"]
16:46:40.179 [main] INFO  o.s.b.w.e.tomcat.TomcatWebServer -   - Tomcat started on port(s): 8080 (http) with context path ''
16:46:40.188 [main] INFO  project.logback.LogbackApplication -   - Started LogbackApplication in 1.342 seconds (JVM running for 1.798)
16:46:50.011 [main] INFO  project.logback.LogbackApplication -  - Starting LogbackApplication using Java 11.0.12 on gim-yeongyuui-MacBookPro.local with PID 38012 (/Users/yeonkyu/Desktop/Projects/Spring/01.SmallProject/logback/target/classes started by yeonkyu in /Users/yeonkyu/Desktop/Projects/Spring/01.SmallProject/logback)
16:46:50.013 [main] INFO  project.logback.LogbackApplication -  - No active profile set, falling back to 1 default profile: "default"
16:46:50.655 [main] INFO  o.s.b.w.e.tomcat.TomcatWebServer -  - Tomcat initialized with port(s): 8080 (http)
16:46:50.663 [main] INFO  o.a.coyote.http11.Http11NioProtocol -  - Initializing ProtocolHandler ["http-nio-8080"]
16:46:50.663 [main] INFO  o.a.catalina.core.StandardService -  - Starting service [Tomcat]
16:46:50.663 [main] INFO  o.a.catalina.core.StandardEngine -  - Starting Servlet engine: [Apache Tomcat/9.0.58]
16:46:50.716 [main] INFO  o.a.c.c.C.[Tomcat].[localhost].[/] -  - Initializing Spring embedded WebApplicationContext
16:46:50.716 [main] INFO  o.s.b.w.s.c.ServletWebServerApplicationContext -  - Root WebApplicationContext: initialization completed in 661 ms
16:46:50.932 [main] INFO  o.a.coyote.http11.Http11NioProtocol -  - Starting ProtocolHandler ["http-nio-8080"]
16:46:50.952 [main] INFO  o.s.b.w.e.tomcat.TomcatWebServer -  - Tomcat started on port(s): 8080 (http) with context path ''
16:46:50.959 [main] INFO  project.logback.LogbackApplication -  - Started LogbackApplication in 1.292 seconds (JVM running for 1.746)
16:46:54.414 [http-nio-8080-exec-1] INFO  o.a.c.c.C.[Tomcat].[localhost].[/] -  - Initializing Spring DispatcherServlet 'dispatcherServlet'
16:46:54.414 [http-nio-8080-exec-1] INFO  o.s.web.servlet.DispatcherServlet -  - Initializing Servlet 'dispatcherServlet'
16:46:54.415 [http-nio-8080-exec-1] INFO  o.s.web.servlet.DispatcherServlet -  - Completed initialization in 1 ms
16:46:54.420 [http-nio-8080-exec-1] INFO  project.logback.filter.LogFilter - yeonkyu - Filter Starting ...
16:46:54.433 [http-nio-8080-exec-1] INFO  p.logback.controller.HelloController - yeonkyu - Hello Controller...
16:58:40.177 [main] INFO  project.logback.LogbackApplication -  - Starting LogbackApplication using Java 11.0.12 on gim-yeongyuui-MacBookPro.local with PID 38061 (/Users/yeonkyu/Desktop/Projects/Spring/01.SmallProject/logback/target/classes started by yeonkyu in /Users/yeonkyu/Desktop/Projects/Spring/01.SmallProject/logback)
16:58:40.181 [main] INFO  project.logback.LogbackApplication -  - No active profile set, falling back to 1 default profile: "default"
16:58:40.950 [main] INFO  o.s.b.w.e.tomcat.TomcatWebServer -  - Tomcat initialized with port(s): 8080 (http)
16:58:40.960 [main] INFO  o.a.coyote.http11.Http11NioProtocol -  - Initializing ProtocolHandler ["http-nio-8080"]
16:58:40.960 [main] INFO  o.a.catalina.core.StandardService -  - Starting service [Tomcat]
16:58:40.960 [main] INFO  o.a.catalina.core.StandardEngine -  - Starting Servlet engine: [Apache Tomcat/9.0.58]
16:58:41.020 [main] INFO  o.a.c.c.C.[Tomcat].[localhost].[/] -  - Initializing Spring embedded WebApplicationContext
16:58:41.020 [main] INFO  o.s.b.w.s.c.ServletWebServerApplicationContext -  - Root WebApplicationContext: initialization completed in 796 ms
16:58:41.275 [main] INFO  o.a.coyote.http11.Http11NioProtocol -  - Starting ProtocolHandler ["http-nio-8080"]
16:58:41.294 [main] INFO  o.s.b.w.e.tomcat.TomcatWebServer -  - Tomcat started on port(s): 8080 (http) with context path ''
16:58:41.320 [main] INFO  project.logback.LogbackApplication -  - Started LogbackApplication in 1.517 seconds (JVM running for 2.015)
16:59:40.228 [http-nio-8080-exec-1] INFO  o.a.c.c.C.[Tomcat].[localhost].[/] -  - Initializing Spring DispatcherServlet 'dispatcherServlet'
16:59:40.230 [http-nio-8080-exec-1] INFO  o.s.web.servlet.DispatcherServlet -  - Initializing Servlet 'dispatcherServlet'
16:59:40.232 [http-nio-8080-exec-1] INFO  o.s.web.servlet.DispatcherServlet -  - Completed initialization in 2 ms
16:59:40.235 [http-nio-8080-exec-1] INFO  project.logback.filter.LogFilter -  - Filter Starting ...
16:59:40.256 [http-nio-8080-exec-1] INFO  p.l.controller.MemberController -  - sign in user...
17:00:34.292 [main] INFO  project.logback.LogbackApplication -  - Starting LogbackApplication using Java 11.0.12 on gim-yeongyuui-MacBookPro.local with PID 38106 (/Users/yeonkyu/Desktop/Projects/Spring/01.SmallProject/logback/target/classes started by yeonkyu in /Users/yeonkyu/Desktop/Projects/Spring/01.SmallProject/logback)
17:00:34.294 [main] INFO  project.logback.LogbackApplication -  - No active profile set, falling back to 1 default profile: "default"
17:00:35.020 [main] INFO  o.s.b.w.e.tomcat.TomcatWebServer -  - Tomcat initialized with port(s): 8080 (http)
17:00:35.029 [main] INFO  o.a.coyote.http11.Http11NioProtocol -  - Initializing ProtocolHandler ["http-nio-8080"]
17:00:35.030 [main] INFO  o.a.catalina.core.StandardService -  - Starting service [Tomcat]
17:00:35.030 [main] INFO  o.a.catalina.core.StandardEngine -  - Starting Servlet engine: [Apache Tomcat/9.0.58]
17:00:35.091 [main] INFO  o.a.c.c.C.[Tomcat].[localhost].[/] -  - Initializing Spring embedded WebApplicationContext
17:00:35.091 [main] INFO  o.s.b.w.s.c.ServletWebServerApplicationContext -  - Root WebApplicationContext: initialization completed in 754 ms
17:00:35.337 [main] INFO  o.a.coyote.http11.Http11NioProtocol -  - Starting ProtocolHandler ["http-nio-8080"]
17:00:35.357 [main] INFO  o.s.b.w.e.tomcat.TomcatWebServer -  - Tomcat started on port(s): 8080 (http) with context path ''
17:00:35.364 [main] INFO  project.logback.LogbackApplication -  - Started LogbackApplication in 1.421 seconds (JVM running for 1.913)
17:00:38.342 [http-nio-8080-exec-2] INFO  o.a.c.c.C.[Tomcat].[localhost].[/] -  - Initializing Spring DispatcherServlet 'dispatcherServlet'
17:00:38.344 [http-nio-8080-exec-2] INFO  o.s.web.servlet.DispatcherServlet -  - Initializing Servlet 'dispatcherServlet'
17:00:38.345 [http-nio-8080-exec-2] INFO  o.s.web.servlet.DispatcherServlet -  - Completed initialization in 1 ms
17:00:38.349 [http-nio-8080-exec-2] INFO  project.logback.filter.LogFilter -  - Filter Starting ...
17:00:38.422 [http-nio-8080-exec-2] INFO  p.l.controller.MemberController -  - sign in user...
17:00:54.392 [http-nio-8080-exec-3] INFO  project.logback.filter.LogFilter -  - Filter Starting ...
17:00:54.396 [http-nio-8080-exec-3] INFO  p.l.controller.MemberController -  - login ....
17:01:05.466 [http-nio-8080-exec-4] INFO  project.logback.filter.LogFilter -  - Filter Starting ...
17:01:05.468 [http-nio-8080-exec-4] INFO  p.l.controller.MemberController -  - find member...
17:01:16.172 [http-nio-8080-exec-5] INFO  project.logback.filter.LogFilter -  - Filter Starting ...
17:05:03.529 [main] INFO  project.logback.LogbackApplication -  - Starting LogbackApplication using Java 11.0.12 on gim-yeongyuui-MacBookPro.local with PID 38122 (/Users/yeonkyu/Desktop/Projects/Spring/01.SmallProject/logback/target/classes started by yeonkyu in /Users/yeonkyu/Desktop/Projects/Spring/01.SmallProject/logback)
17:05:03.531 [main] INFO  project.logback.LogbackApplication -  - No active profile set, falling back to 1 default profile: "default"
17:05:04.256 [main] INFO  o.s.b.w.e.tomcat.TomcatWebServer -  - Tomcat initialized with port(s): 8080 (http)
17:05:04.265 [main] INFO  o.a.coyote.http11.Http11NioProtocol -  - Initializing ProtocolHandler ["http-nio-8080"]
17:05:04.266 [main] INFO  o.a.catalina.core.StandardService -  - Starting service [Tomcat]
17:05:04.266 [main] INFO  o.a.catalina.core.StandardEngine -  - Starting Servlet engine: [Apache Tomcat/9.0.58]
17:05:04.327 [main] INFO  o.a.c.c.C.[Tomcat].[localhost].[/] -  - Initializing Spring embedded WebApplicationContext
17:05:04.328 [main] INFO  o.s.b.w.s.c.ServletWebServerApplicationContext -  - Root WebApplicationContext: initialization completed in 756 ms
17:05:04.593 [main] INFO  o.a.coyote.http11.Http11NioProtocol -  - Starting ProtocolHandler ["http-nio-8080"]
17:05:04.613 [main] INFO  o.s.b.w.e.tomcat.TomcatWebServer -  - Tomcat started on port(s): 8080 (http) with context path ''
17:05:04.620 [main] INFO  project.logback.LogbackApplication -  - Started LogbackApplication in 1.433 seconds (JVM running for 1.936)
17:05:15.669 [http-nio-8080-exec-2] INFO  o.a.c.c.C.[Tomcat].[localhost].[/] -  - Initializing Spring DispatcherServlet 'dispatcherServlet'
17:05:15.670 [http-nio-8080-exec-2] INFO  o.s.web.servlet.DispatcherServlet -  - Initializing Servlet 'dispatcherServlet'
17:05:15.671 [http-nio-8080-exec-2] INFO  o.s.web.servlet.DispatcherServlet -  - Completed initialization in 1 ms
17:05:15.677 [http-nio-8080-exec-2] INFO  project.logback.filter.LogFilter -  - Filter Starting ...
17:05:15.677 [http-nio-8080-exec-2] INFO  project.logback.filter.LogFilter -  - not login User
17:05:15.749 [http-nio-8080-exec-2] INFO  p.l.controller.MemberController - No User - sign in user...
17:05:15.770 [http-nio-8080-exec-2] INFO  project.logback.filter.LogFilter - No User - Filter End...
17:05:39.152 [http-nio-8080-exec-3] INFO  project.logback.filter.LogFilter -  - Filter Starting ...
17:05:39.153 [http-nio-8080-exec-3] INFO  project.logback.filter.LogFilter -  - not login User
17:05:39.156 [http-nio-8080-exec-3] INFO  p.l.controller.MemberController - No User - login ....
17:05:39.173 [http-nio-8080-exec-3] INFO  project.logback.filter.LogFilter - No User - Filter End...
17:05:54.426 [http-nio-8080-exec-4] INFO  project.logback.filter.LogFilter -  - Filter Starting ...
17:05:54.426 [http-nio-8080-exec-4] INFO  project.logback.filter.LogFilter -  - login User
17:05:54.428 [http-nio-8080-exec-4] WARN  o.s.w.s.m.s.DefaultHandlerExceptionResolver - yeonkyu - Resolved [org.springframework.web.HttpRequestMethodNotSupportedException: Request method 'POST' not supported]
17:05:54.428 [http-nio-8080-exec-4] INFO  project.logback.filter.LogFilter - yeonkyu - Filter End...
17:06:00.827 [http-nio-8080-exec-5] INFO  project.logback.filter.LogFilter -  - Filter Starting ...
17:06:00.827 [http-nio-8080-exec-5] INFO  project.logback.filter.LogFilter -  - login User
17:06:00.828 [http-nio-8080-exec-5] INFO  p.l.controller.MemberController - yeonkyu - find member...
17:06:00.829 [http-nio-8080-exec-5] INFO  project.logback.filter.LogFilter - yeonkyu - Filter End...
17:15:56.977 [main] INFO  project.logback.LogbackApplication -  -  - Starting LogbackApplication using Java 11.0.12 on gim-yeongyuui-MacBookPro.local with PID 38248 (/Users/yeonkyu/Desktop/Projects/Spring/01.SmallProject/logback/target/classes started by yeonkyu in /Users/yeonkyu/Desktop/Projects/Spring/01.SmallProject/logback)
17:15:56.979 [main] INFO  project.logback.LogbackApplication -  -  - No active profile set, falling back to 1 default profile: "default"
17:15:57.705 [main] INFO  o.s.b.w.e.tomcat.TomcatWebServer -  -  - Tomcat initialized with port(s): 8080 (http)
17:15:57.713 [main] INFO  o.a.coyote.http11.Http11NioProtocol -  -  - Initializing ProtocolHandler ["http-nio-8080"]
17:15:57.713 [main] INFO  o.a.catalina.core.StandardService -  -  - Starting service [Tomcat]
17:15:57.713 [main] INFO  o.a.catalina.core.StandardEngine -  -  - Starting Servlet engine: [Apache Tomcat/9.0.58]
17:15:57.766 [main] INFO  o.a.c.c.C.[Tomcat].[localhost].[/] -  -  - Initializing Spring embedded WebApplicationContext
17:15:57.767 [main] INFO  o.s.b.w.s.c.ServletWebServerApplicationContext -  -  - Root WebApplicationContext: initialization completed in 743 ms
17:15:58.004 [main] INFO  o.a.coyote.http11.Http11NioProtocol -  -  - Starting ProtocolHandler ["http-nio-8080"]
17:15:58.023 [main] INFO  o.s.b.w.e.tomcat.TomcatWebServer -  -  - Tomcat started on port(s): 8080 (http) with context path ''
17:15:58.030 [main] INFO  project.logback.LogbackApplication -  -  - Started LogbackApplication in 1.412 seconds (JVM running for 1.879)
17:17:42.553 [http-nio-8080-exec-2] INFO  o.a.c.c.C.[Tomcat].[localhost].[/] -  -  - Initializing Spring DispatcherServlet 'dispatcherServlet'
17:17:42.554 [http-nio-8080-exec-2] INFO  o.s.web.servlet.DispatcherServlet -  -  - Initializing Servlet 'dispatcherServlet'
17:17:42.555 [http-nio-8080-exec-2] INFO  o.s.web.servlet.DispatcherServlet -  -  - Completed initialization in 1 ms
17:17:42.561 [http-nio-8080-exec-2] INFO  project.logback.filter.LogFilter -  - /member/add - Filter Starting ...
17:17:42.561 [http-nio-8080-exec-2] INFO  project.logback.filter.LogFilter -  - /member/add - not login User
17:17:42.633 [http-nio-8080-exec-2] INFO  p.l.controller.MemberController - No User - /member/add - sign in user...
17:17:42.656 [http-nio-8080-exec-2] INFO  project.logback.filter.LogFilter - No User - /member/add - Filter End...
17:17:56.358 [http-nio-8080-exec-3] INFO  project.logback.filter.LogFilter -  - /login/1 - Filter Starting ...
17:17:56.359 [http-nio-8080-exec-3] INFO  project.logback.filter.LogFilter -  - /login/1 - not login User
17:17:56.363 [http-nio-8080-exec-3] INFO  project.logback.filter.LogFilter - No User - /login/1 - Filter End...
17:18:05.425 [http-nio-8080-exec-4] INFO  project.logback.filter.LogFilter -  - /member/login/1 - Filter Starting ...
17:18:05.425 [http-nio-8080-exec-4] INFO  project.logback.filter.LogFilter -  - /member/login/1 - not login User
17:18:05.428 [http-nio-8080-exec-4] INFO  p.l.controller.MemberController - No User - /member/login/1 - login ....
17:18:05.447 [http-nio-8080-exec-4] INFO  project.logback.filter.LogFilter - No User - /member/login/1 - Filter End...
17:18:10.414 [http-nio-8080-exec-5] INFO  project.logback.filter.LogFilter -  - /member/1 - Filter Starting ...
17:18:10.414 [http-nio-8080-exec-5] INFO  project.logback.filter.LogFilter -  - /member/1 - login User
17:18:10.416 [http-nio-8080-exec-5] WARN  o.s.w.s.m.s.DefaultHandlerExceptionResolver - yeonkyu - /member/1 - Resolved [org.springframework.web.HttpRequestMethodNotSupportedException: Request method 'POST' not supported]
17:18:10.416 [http-nio-8080-exec-5] INFO  project.logback.filter.LogFilter - yeonkyu - /member/1 - Filter End...
17:18:14.212 [http-nio-8080-exec-6] INFO  project.logback.filter.LogFilter -  - /member/all - Filter Starting ...
17:18:14.212 [http-nio-8080-exec-6] INFO  project.logback.filter.LogFilter -  - /member/all - login User
17:18:14.212 [http-nio-8080-exec-6] WARN  o.s.w.s.m.s.DefaultHandlerExceptionResolver - yeonkyu - /member/all - Resolved [org.springframework.web.HttpRequestMethodNotSupportedException: Request method 'POST' not supported]
17:18:14.212 [http-nio-8080-exec-6] INFO  project.logback.filter.LogFilter - yeonkyu - /member/all - Filter End...
